[0.008s] Invoking command in '/home/mehmet/sadek/build/sadek_description': CMAKE_PREFIX_PATH=/opt/ros/humble /usr/bin/cmake /home/mehmet/sadek/src/sadek_description -DAMENT_CMAKE_SYMLINK_INSTALL=1 -DCMAKE_INSTALL_PREFIX=/home/mehmet/sadek/install/sadek_description
[0.101s] -- The C compiler identification is GNU 11.4.0
[0.178s] -- The CXX compiler identification is GNU 11.4.0
[0.186s] -- Detecting C compiler ABI info
[0.238s] -- Detecting C compiler ABI info - done
[0.242s] -- Check for working C compiler: /usr/bin/cc - skipped
[0.243s] -- Detecting C compile features
[0.244s] -- Detecting C compile features - done
[0.246s] -- Detecting CXX compiler ABI info
[0.295s] -- Detecting CXX compiler ABI info - done
[0.302s] -- Check for working CXX compiler: /usr/bin/c++ - skipped
[0.302s] -- Detecting CXX compile features
[0.302s] -- Detecting CXX compile features - done
[0.306s] -- Found ament_cmake: 1.3.12 (/opt/ros/humble/share/ament_cmake/cmake)
[0.400s] -- Found Python3: /usr/bin/python3 (found version "3.10.12") found components: Interpreter 
[0.444s] -- Override CMake install command with custom implementation using symlinks instead of copying resources
[0.468s] -- Found ament_lint_auto: 0.12.14 (/opt/ros/humble/share/ament_lint_auto/cmake)
[0.537s] -- Added test 'lint_cmake' to check CMake code style
[0.537s] -- Added test 'xmllint' to check XML markup files
[0.538s] -- Configuring done
[0.540s] -- Generating done
[0.540s] -- Build files have been written to: /home/mehmet/sadek/build/sadek_description
[0.543s] Invoked command in '/home/mehmet/sadek/build/sadek_description' returned '0': CMAKE_PREFIX_PATH=/opt/ros/humble /usr/bin/cmake /home/mehmet/sadek/src/sadek_description -DAMENT_CMAKE_SYMLINK_INSTALL=1 -DCMAKE_INSTALL_PREFIX=/home/mehmet/sadek/install/sadek_description
[0.544s] Invoking command in '/home/mehmet/sadek/build/sadek_description': CMAKE_PREFIX_PATH=/opt/ros/humble /usr/bin/cmake --build /home/mehmet/sadek/build/sadek_description -- -j16 -l16
[0.578s] Invoked command in '/home/mehmet/sadek/build/sadek_description' returned '0': CMAKE_PREFIX_PATH=/opt/ros/humble /usr/bin/cmake --build /home/mehmet/sadek/build/sadek_description -- -j16 -l16
[0.579s] Invoking command in '/home/mehmet/sadek/build/sadek_description': CMAKE_PREFIX_PATH=/opt/ros/humble /usr/bin/cmake --install /home/mehmet/sadek/build/sadek_description
[0.582s] -- Install configuration: ""
[0.583s] -- Execute custom install script
[0.583s] -- Symlinking: /home/mehmet/sadek/install/sadek_description/share/ament_index/resource_index/package_run_dependencies/sadek_description
[0.588s] -- Symlinking: /home/mehmet/sadek/install/sadek_description/share/ament_index/resource_index/parent_prefix_path/sadek_description
[0.594s] -- Symlinking: /home/mehmet/sadek/install/sadek_description/share/sadek_description/environment/ament_prefix_path.sh
[0.599s] -- Symlinking: /home/mehmet/sadek/install/sadek_description/share/sadek_description/environment/ament_prefix_path.dsv
[0.604s] -- Symlinking: /home/mehmet/sadek/install/sadek_description/share/sadek_description/environment/path.sh
[0.610s] -- Symlinking: /home/mehmet/sadek/install/sadek_description/share/sadek_description/environment/path.dsv
[0.614s] -- Symlinking: /home/mehmet/sadek/install/sadek_description/share/sadek_description/local_setup.bash
[0.620s] -- Symlinking: /home/mehmet/sadek/install/sadek_description/share/sadek_description/local_setup.sh
[0.625s] -- Symlinking: /home/mehmet/sadek/install/sadek_description/share/sadek_description/local_setup.zsh
[0.630s] -- Symlinking: /home/mehmet/sadek/install/sadek_description/share/sadek_description/local_setup.dsv
[0.635s] -- Symlinking: /home/mehmet/sadek/install/sadek_description/share/sadek_description/package.dsv
[0.641s] -- Symlinking: /home/mehmet/sadek/install/sadek_description/share/ament_index/resource_index/packages/sadek_description
[0.647s] -- Symlinking: /home/mehmet/sadek/install/sadek_description/share/sadek_description/cmake/sadek_descriptionConfig.cmake
[0.651s] -- Symlinking: /home/mehmet/sadek/install/sadek_description/share/sadek_description/cmake/sadek_descriptionConfig-version.cmake
[0.657s] -- Symlinking: /home/mehmet/sadek/install/sadek_description/share/sadek_description/package.xml
[0.670s] Invoked command in '/home/mehmet/sadek/build/sadek_description' returned '0': CMAKE_PREFIX_PATH=/opt/ros/humble /usr/bin/cmake --install /home/mehmet/sadek/build/sadek_description
