[0.009s] Invoking command in '/home/mehmet/sadek/build/sadek_controller': CMAKE_PREFIX_PATH=/opt/ros/humble /usr/bin/cmake /home/mehmet/sadek/src/sadek_controller -DAMENT_CMAKE_SYMLINK_INSTALL=1 -DCMAKE_INSTALL_PREFIX=/home/mehmet/sadek/install/sadek_controller
[0.105s] -- The C compiler identification is GNU 11.4.0
[0.182s] -- The CXX compiler identification is GNU 11.4.0
[0.190s] -- Detecting C compiler ABI info
[0.244s] -- Detecting C compiler ABI info - done
[0.248s] -- Check for working C compiler: /usr/bin/cc - skipped
[0.248s] -- Detecting C compile features
[0.248s] -- Detecting C compile features - done
[0.250s] -- Detecting CXX compiler ABI info
[0.299s] -- Detecting CXX compiler ABI info - done
[0.307s] -- Check for working CXX compiler: /usr/bin/c++ - skipped
[0.307s] -- Detecting CXX compile features
[0.307s] -- Detecting CXX compile features - done
[0.310s] -- Found ament_cmake: 1.3.12 (/opt/ros/humble/share/ament_cmake/cmake)
[0.405s] -- Found Python3: /usr/bin/python3 (found version "3.10.12") found components: Interpreter 
[0.448s] -- Override CMake install command with custom implementation using symlinks instead of copying resources
[0.472s] -- Found ament_lint_auto: 0.12.14 (/opt/ros/humble/share/ament_lint_auto/cmake)
[0.540s] -- Added test 'lint_cmake' to check CMake code style
[0.541s] -- Added test 'xmllint' to check XML markup files
[0.542s] -- Configuring done
[0.544s] -- Generating done
[0.544s] -- Build files have been written to: /home/mehmet/sadek/build/sadek_controller
[0.549s] Invoked command in '/home/mehmet/sadek/build/sadek_controller' returned '0': CMAKE_PREFIX_PATH=/opt/ros/humble /usr/bin/cmake /home/mehmet/sadek/src/sadek_controller -DAMENT_CMAKE_SYMLINK_INSTALL=1 -DCMAKE_INSTALL_PREFIX=/home/mehmet/sadek/install/sadek_controller
[0.549s] Invoking command in '/home/mehmet/sadek/build/sadek_controller': CMAKE_PREFIX_PATH=/opt/ros/humble /usr/bin/cmake --build /home/mehmet/sadek/build/sadek_controller -- -j16 -l16
[0.575s] Invoked command in '/home/mehmet/sadek/build/sadek_controller' returned '0': CMAKE_PREFIX_PATH=/opt/ros/humble /usr/bin/cmake --build /home/mehmet/sadek/build/sadek_controller -- -j16 -l16
[0.581s] Invoking command in '/home/mehmet/sadek/build/sadek_controller': CMAKE_PREFIX_PATH=/opt/ros/humble /usr/bin/cmake --install /home/mehmet/sadek/build/sadek_controller
[0.586s] -- Install configuration: ""
[0.586s] -- Execute custom install script
[0.586s] -- Symlinking: /home/mehmet/sadek/install/sadek_controller/share/ament_index/resource_index/package_run_dependencies/sadek_controller
[0.591s] -- Symlinking: /home/mehmet/sadek/install/sadek_controller/share/ament_index/resource_index/parent_prefix_path/sadek_controller
[0.597s] -- Symlinking: /home/mehmet/sadek/install/sadek_controller/share/sadek_controller/environment/ament_prefix_path.sh
[0.601s] -- Symlinking: /home/mehmet/sadek/install/sadek_controller/share/sadek_controller/environment/ament_prefix_path.dsv
[0.606s] -- Symlinking: /home/mehmet/sadek/install/sadek_controller/share/sadek_controller/environment/path.sh
[0.610s] -- Symlinking: /home/mehmet/sadek/install/sadek_controller/share/sadek_controller/environment/path.dsv
[0.615s] -- Symlinking: /home/mehmet/sadek/install/sadek_controller/share/sadek_controller/local_setup.bash
[0.621s] -- Symlinking: /home/mehmet/sadek/install/sadek_controller/share/sadek_controller/local_setup.sh
[0.627s] -- Symlinking: /home/mehmet/sadek/install/sadek_controller/share/sadek_controller/local_setup.zsh
[0.632s] -- Symlinking: /home/mehmet/sadek/install/sadek_controller/share/sadek_controller/local_setup.dsv
[0.636s] -- Symlinking: /home/mehmet/sadek/install/sadek_controller/share/sadek_controller/package.dsv
[0.641s] -- Symlinking: /home/mehmet/sadek/install/sadek_controller/share/ament_index/resource_index/packages/sadek_controller
[0.646s] -- Symlinking: /home/mehmet/sadek/install/sadek_controller/share/sadek_controller/cmake/sadek_controllerConfig.cmake
[0.650s] -- Symlinking: /home/mehmet/sadek/install/sadek_controller/share/sadek_controller/cmake/sadek_controllerConfig-version.cmake
[0.655s] -- Symlinking: /home/mehmet/sadek/install/sadek_controller/share/sadek_controller/package.xml
[0.664s] Invoked command in '/home/mehmet/sadek/build/sadek_controller' returned '0': CMAKE_PREFIX_PATH=/opt/ros/humble /usr/bin/cmake --install /home/mehmet/sadek/build/sadek_controller
