[0.071s] DEBUG:colcon:Command line arguments: ['/usr/bin/colcon', 'build', '--symlink-install']
[0.071s] DEBUG:colcon:Parsed command line arguments: Namespace(log_base=None, log_level=None, verb_name='build', build_base='build', install_base='install', merge_install=False, symlink_install=True, test_result_base=None, continue_on_error=False, executor='parallel', parallel_workers=16, event_handlers=None, ignore_user_meta=False, metas=['./colcon.meta'], base_paths=['.'], packages_ignore=None, packages_ignore_regex=None, paths=None, packages_up_to=None, packages_up_to_regex=None, packages_above=None, packages_above_and_dependencies=None, packages_above_depth=None, packages_select_by_dep=None, packages_skip_by_dep=None, packages_skip_up_to=None, packages_select_build_failed=False, packages_skip_build_finished=False, packages_select_test_failures=False, packages_skip_test_passed=False, packages_select=None, packages_skip=None, packages_select_regex=None, packages_skip_regex=None, packages_start=None, packages_end=None, allow_overriding=[], cmake_args=None, cmake_target=None, cmake_target_skip_unavailable=False, cmake_clean_cache=False, cmake_clean_first=False, cmake_force_configure=False, ament_cmake_args=None, catkin_cmake_args=None, catkin_skip_building_tests=False, mixin_files=None, mixin=None, verb_parser=<colcon_mixin.mixin.mixin_argument.MixinArgumentDecorator object at 0x78cea62f2740>, verb_extension=<colcon_core.verb.build.BuildVerb object at 0x78cea64d3c40>, main=<bound method BuildVerb.main of <colcon_core.verb.build.BuildVerb object at 0x78cea64d3c40>>, mixin_verb=('build',))
[0.161s] Level 1:colcon.colcon_core.package_discovery:discover_packages(colcon_meta) check parameters
[0.161s] Level 1:colcon.colcon_core.package_discovery:discover_packages(recursive) check parameters
[0.161s] Level 1:colcon.colcon_core.package_discovery:discover_packages(ignore) check parameters
[0.161s] Level 1:colcon.colcon_core.package_discovery:discover_packages(path) check parameters
[0.161s] Level 1:colcon.colcon_core.package_discovery:discover_packages(colcon_meta) discover
[0.161s] Level 1:colcon.colcon_core.package_discovery:discover_packages(recursive) discover
[0.161s] INFO:colcon.colcon_core.package_discovery:Crawling recursively for packages in '/home/mehmet/sadek'
[0.161s] Level 1:colcon.colcon_core.package_identification:_identify(.) by extensions ['ignore', 'ignore_ament_install']
[0.161s] Level 1:colcon.colcon_core.package_identification:_identify(.) by extension 'ignore'
[0.161s] Level 1:colcon.colcon_core.package_identification:_identify(.) by extension 'ignore_ament_install'
[0.161s] Level 1:colcon.colcon_core.package_identification:_identify(.) by extensions ['colcon_pkg']
[0.161s] Level 1:colcon.colcon_core.package_identification:_identify(.) by extension 'colcon_pkg'
[0.161s] Level 1:colcon.colcon_core.package_identification:_identify(.) by extensions ['colcon_meta']
[0.161s] Level 1:colcon.colcon_core.package_identification:_identify(.) by extension 'colcon_meta'
[0.161s] Level 1:colcon.colcon_core.package_identification:_identify(.) by extensions ['ros']
[0.161s] Level 1:colcon.colcon_core.package_identification:_identify(.) by extension 'ros'
[0.182s] Level 1:colcon.colcon_core.package_identification:_identify(.) by extensions ['cmake', 'python']
[0.182s] Level 1:colcon.colcon_core.package_identification:_identify(.) by extension 'cmake'
[0.182s] Level 1:colcon.colcon_core.package_identification:_identify(.) by extension 'python'
[0.182s] Level 1:colcon.colcon_core.package_identification:_identify(.) by extensions ['python_setup_py']
[0.182s] Level 1:colcon.colcon_core.package_identification:_identify(.) by extension 'python_setup_py'
[0.182s] Level 1:colcon.colcon_core.package_identification:_identify(build) by extensions ['ignore', 'ignore_ament_install']
[0.182s] Level 1:colcon.colcon_core.package_identification:_identify(build) by extension 'ignore'
[0.182s] Level 1:colcon.colcon_core.package_identification:_identify(build) ignored
[0.182s] Level 1:colcon.colcon_core.package_identification:_identify(install) by extensions ['ignore', 'ignore_ament_install']
[0.182s] Level 1:colcon.colcon_core.package_identification:_identify(install) by extension 'ignore'
[0.182s] Level 1:colcon.colcon_core.package_identification:_identify(install) ignored
[0.182s] Level 1:colcon.colcon_core.package_identification:_identify(log) by extensions ['ignore', 'ignore_ament_install']
[0.182s] Level 1:colcon.colcon_core.package_identification:_identify(log) by extension 'ignore'
[0.182s] Level 1:colcon.colcon_core.package_identification:_identify(log) ignored
[0.182s] Level 1:colcon.colcon_core.package_identification:_identify(src) by extensions ['ignore', 'ignore_ament_install']
[0.182s] Level 1:colcon.colcon_core.package_identification:_identify(src) by extension 'ignore'
[0.182s] Level 1:colcon.colcon_core.package_identification:_identify(src) by extension 'ignore_ament_install'
[0.182s] Level 1:colcon.colcon_core.package_identification:_identify(src) by extensions ['colcon_pkg']
[0.182s] Level 1:colcon.colcon_core.package_identification:_identify(src) by extension 'colcon_pkg'
[0.182s] Level 1:colcon.colcon_core.package_identification:_identify(src) by extensions ['colcon_meta']
[0.182s] Level 1:colcon.colcon_core.package_identification:_identify(src) by extension 'colcon_meta'
[0.183s] Level 1:colcon.colcon_core.package_identification:_identify(src) by extensions ['ros']
[0.183s] Level 1:colcon.colcon_core.package_identification:_identify(src) by extension 'ros'
[0.183s] Level 1:colcon.colcon_core.package_identification:_identify(src) by extensions ['cmake', 'python']
[0.183s] Level 1:colcon.colcon_core.package_identification:_identify(src) by extension 'cmake'
[0.183s] Level 1:colcon.colcon_core.package_identification:_identify(src) by extension 'python'
[0.183s] Level 1:colcon.colcon_core.package_identification:_identify(src) by extensions ['python_setup_py']
[0.183s] Level 1:colcon.colcon_core.package_identification:_identify(src) by extension 'python_setup_py'
[0.183s] Level 1:colcon.colcon_core.package_identification:_identify(src/sadek_controller) by extensions ['ignore', 'ignore_ament_install']
[0.183s] Level 1:colcon.colcon_core.package_identification:_identify(src/sadek_controller) by extension 'ignore'
[0.183s] Level 1:colcon.colcon_core.package_identification:_identify(src/sadek_controller) by extension 'ignore_ament_install'
[0.183s] Level 1:colcon.colcon_core.package_identification:_identify(src/sadek_controller) by extensions ['colcon_pkg']
[0.183s] Level 1:colcon.colcon_core.package_identification:_identify(src/sadek_controller) by extension 'colcon_pkg'
[0.183s] Level 1:colcon.colcon_core.package_identification:_identify(src/sadek_controller) by extensions ['colcon_meta']
[0.183s] Level 1:colcon.colcon_core.package_identification:_identify(src/sadek_controller) by extension 'colcon_meta'
[0.183s] Level 1:colcon.colcon_core.package_identification:_identify(src/sadek_controller) by extensions ['ros']
[0.183s] Level 1:colcon.colcon_core.package_identification:_identify(src/sadek_controller) by extension 'ros'
[0.184s] DEBUG:colcon.colcon_core.package_identification:Package 'src/sadek_controller' with type 'ros.ament_cmake' and name 'sadek_controller'
[0.184s] Level 1:colcon.colcon_core.package_identification:_identify(src/sadek_description) by extensions ['ignore', 'ignore_ament_install']
[0.184s] Level 1:colcon.colcon_core.package_identification:_identify(src/sadek_description) by extension 'ignore'
[0.184s] Level 1:colcon.colcon_core.package_identification:_identify(src/sadek_description) by extension 'ignore_ament_install'
[0.184s] Level 1:colcon.colcon_core.package_identification:_identify(src/sadek_description) by extensions ['colcon_pkg']
[0.184s] Level 1:colcon.colcon_core.package_identification:_identify(src/sadek_description) by extension 'colcon_pkg'
[0.184s] Level 1:colcon.colcon_core.package_identification:_identify(src/sadek_description) by extensions ['colcon_meta']
[0.184s] Level 1:colcon.colcon_core.package_identification:_identify(src/sadek_description) by extension 'colcon_meta'
[0.184s] Level 1:colcon.colcon_core.package_identification:_identify(src/sadek_description) by extensions ['ros']
[0.184s] Level 1:colcon.colcon_core.package_identification:_identify(src/sadek_description) by extension 'ros'
[0.185s] DEBUG:colcon.colcon_core.package_identification:Package 'src/sadek_description' with type 'ros.ament_cmake' and name 'sadek_description'
[0.185s] Level 1:colcon.colcon_core.package_identification:_identify(src/virtual_maize_field) by extensions ['ignore', 'ignore_ament_install']
[0.185s] Level 1:colcon.colcon_core.package_identification:_identify(src/virtual_maize_field) by extension 'ignore'
[0.185s] Level 1:colcon.colcon_core.package_identification:_identify(src/virtual_maize_field) by extension 'ignore_ament_install'
[0.185s] Level 1:colcon.colcon_core.package_identification:_identify(src/virtual_maize_field) by extensions ['colcon_pkg']
[0.185s] Level 1:colcon.colcon_core.package_identification:_identify(src/virtual_maize_field) by extension 'colcon_pkg'
[0.185s] Level 1:colcon.colcon_core.package_identification:_identify(src/virtual_maize_field) by extensions ['colcon_meta']
[0.185s] Level 1:colcon.colcon_core.package_identification:_identify(src/virtual_maize_field) by extension 'colcon_meta'
[0.185s] Level 1:colcon.colcon_core.package_identification:_identify(src/virtual_maize_field) by extensions ['ros']
[0.185s] Level 1:colcon.colcon_core.package_identification:_identify(src/virtual_maize_field) by extension 'ros'
[0.185s] DEBUG:colcon.colcon_core.package_identification:Package 'src/virtual_maize_field' with type 'ros.ament_python' and name 'virtual_maize_field'
[0.186s] Level 1:colcon.colcon_core.package_discovery:discover_packages(recursive) using defaults
[0.186s] Level 1:colcon.colcon_core.package_discovery:discover_packages(ignore) discover
[0.186s] Level 1:colcon.colcon_core.package_discovery:discover_packages(ignore) using defaults
[0.186s] Level 1:colcon.colcon_core.package_discovery:discover_packages(path) discover
[0.186s] Level 1:colcon.colcon_core.package_discovery:discover_packages(path) using defaults
[0.198s] Level 1:colcon.colcon_core.package_discovery:discover_packages(prefix_path) check parameters
[0.198s] Level 1:colcon.colcon_core.package_discovery:discover_packages(prefix_path) discover
[0.200s] DEBUG:colcon.colcon_installed_package_information.package_discovery:Found 388 installed packages in /opt/ros/humble
[0.201s] Level 1:colcon.colcon_core.package_discovery:discover_packages(prefix_path) using defaults
[0.225s] Level 5:colcon.colcon_core.verb:set package 'sadek_controller' build argument 'cmake_args' from command line to 'None'
[0.225s] Level 5:colcon.colcon_core.verb:set package 'sadek_controller' build argument 'cmake_target' from command line to 'None'
[0.225s] Level 5:colcon.colcon_core.verb:set package 'sadek_controller' build argument 'cmake_target_skip_unavailable' from command line to 'False'
[0.225s] Level 5:colcon.colcon_core.verb:set package 'sadek_controller' build argument 'cmake_clean_cache' from command line to 'False'
[0.225s] Level 5:colcon.colcon_core.verb:set package 'sadek_controller' build argument 'cmake_clean_first' from command line to 'False'
[0.225s] Level 5:colcon.colcon_core.verb:set package 'sadek_controller' build argument 'cmake_force_configure' from command line to 'False'
[0.225s] Level 5:colcon.colcon_core.verb:set package 'sadek_controller' build argument 'ament_cmake_args' from command line to 'None'
[0.225s] Level 5:colcon.colcon_core.verb:set package 'sadek_controller' build argument 'catkin_cmake_args' from command line to 'None'
[0.225s] Level 5:colcon.colcon_core.verb:set package 'sadek_controller' build argument 'catkin_skip_building_tests' from command line to 'False'
[0.225s] DEBUG:colcon.colcon_core.verb:Building package 'sadek_controller' with the following arguments: {'ament_cmake_args': None, 'build_base': '/home/mehmet/sadek/build/sadek_controller', 'catkin_cmake_args': None, 'catkin_skip_building_tests': False, 'cmake_args': None, 'cmake_clean_cache': False, 'cmake_clean_first': False, 'cmake_force_configure': False, 'cmake_target': None, 'cmake_target_skip_unavailable': False, 'install_base': '/home/mehmet/sadek/install/sadek_controller', 'merge_install': False, 'path': '/home/mehmet/sadek/src/sadek_controller', 'symlink_install': True, 'test_result_base': None}
[0.225s] Level 5:colcon.colcon_core.verb:set package 'sadek_description' build argument 'cmake_args' from command line to 'None'
[0.225s] Level 5:colcon.colcon_core.verb:set package 'sadek_description' build argument 'cmake_target' from command line to 'None'
[0.225s] Level 5:colcon.colcon_core.verb:set package 'sadek_description' build argument 'cmake_target_skip_unavailable' from command line to 'False'
[0.225s] Level 5:colcon.colcon_core.verb:set package 'sadek_description' build argument 'cmake_clean_cache' from command line to 'False'
[0.225s] Level 5:colcon.colcon_core.verb:set package 'sadek_description' build argument 'cmake_clean_first' from command line to 'False'
[0.225s] Level 5:colcon.colcon_core.verb:set package 'sadek_description' build argument 'cmake_force_configure' from command line to 'False'
[0.225s] Level 5:colcon.colcon_core.verb:set package 'sadek_description' build argument 'ament_cmake_args' from command line to 'None'
[0.225s] Level 5:colcon.colcon_core.verb:set package 'sadek_description' build argument 'catkin_cmake_args' from command line to 'None'
[0.225s] Level 5:colcon.colcon_core.verb:set package 'sadek_description' build argument 'catkin_skip_building_tests' from command line to 'False'
[0.225s] DEBUG:colcon.colcon_core.verb:Building package 'sadek_description' with the following arguments: {'ament_cmake_args': None, 'build_base': '/home/mehmet/sadek/build/sadek_description', 'catkin_cmake_args': None, 'catkin_skip_building_tests': False, 'cmake_args': None, 'cmake_clean_cache': False, 'cmake_clean_first': False, 'cmake_force_configure': False, 'cmake_target': None, 'cmake_target_skip_unavailable': False, 'install_base': '/home/mehmet/sadek/install/sadek_description', 'merge_install': False, 'path': '/home/mehmet/sadek/src/sadek_description', 'symlink_install': True, 'test_result_base': None}
[0.226s] Level 5:colcon.colcon_core.verb:set package 'virtual_maize_field' build argument 'cmake_args' from command line to 'None'
[0.226s] Level 5:colcon.colcon_core.verb:set package 'virtual_maize_field' build argument 'cmake_target' from command line to 'None'
[0.226s] Level 5:colcon.colcon_core.verb:set package 'virtual_maize_field' build argument 'cmake_target_skip_unavailable' from command line to 'False'
[0.226s] Level 5:colcon.colcon_core.verb:set package 'virtual_maize_field' build argument 'cmake_clean_cache' from command line to 'False'
[0.226s] Level 5:colcon.colcon_core.verb:set package 'virtual_maize_field' build argument 'cmake_clean_first' from command line to 'False'
[0.226s] Level 5:colcon.colcon_core.verb:set package 'virtual_maize_field' build argument 'cmake_force_configure' from command line to 'False'
[0.226s] Level 5:colcon.colcon_core.verb:set package 'virtual_maize_field' build argument 'ament_cmake_args' from command line to 'None'
[0.226s] Level 5:colcon.colcon_core.verb:set package 'virtual_maize_field' build argument 'catkin_cmake_args' from command line to 'None'
[0.226s] Level 5:colcon.colcon_core.verb:set package 'virtual_maize_field' build argument 'catkin_skip_building_tests' from command line to 'False'
[0.226s] DEBUG:colcon.colcon_core.verb:Building package 'virtual_maize_field' with the following arguments: {'ament_cmake_args': None, 'build_base': '/home/mehmet/sadek/build/virtual_maize_field', 'catkin_cmake_args': None, 'catkin_skip_building_tests': False, 'cmake_args': None, 'cmake_clean_cache': False, 'cmake_clean_first': False, 'cmake_force_configure': False, 'cmake_target': None, 'cmake_target_skip_unavailable': False, 'install_base': '/home/mehmet/sadek/install/virtual_maize_field', 'merge_install': False, 'path': '/home/mehmet/sadek/src/virtual_maize_field', 'symlink_install': True, 'test_result_base': None}
[0.226s] INFO:colcon.colcon_core.executor:Executing jobs using 'parallel' executor
[0.226s] DEBUG:colcon.colcon_parallel_executor.executor.parallel:run_until_complete
[0.226s] INFO:colcon.colcon_ros.task.ament_cmake.build:Building ROS package in '/home/mehmet/sadek/src/sadek_controller' with build type 'ament_cmake'
[0.227s] INFO:colcon.colcon_cmake.task.cmake.build:Building CMake package in '/home/mehmet/sadek/src/sadek_controller'
[0.229s] INFO:colcon.colcon_core.plugin_system:Skipping extension 'colcon_core.shell.bat': Not used on non-Windows systems
[0.229s] INFO:colcon.colcon_core.shell:Skip shell extension 'powershell' for command environment: Not usable outside of PowerShell
[0.229s] DEBUG:colcon.colcon_core.shell:Skip shell extension 'dsv' for command environment
[0.231s] INFO:colcon.colcon_ros.task.ament_cmake.build:Building ROS package in '/home/mehmet/sadek/src/sadek_description' with build type 'ament_cmake'
[0.231s] INFO:colcon.colcon_cmake.task.cmake.build:Building CMake package in '/home/mehmet/sadek/src/sadek_description'
[0.231s] INFO:colcon.colcon_core.shell:Skip shell extension 'powershell' for command environment: Not usable outside of PowerShell
[0.231s] DEBUG:colcon.colcon_core.shell:Skip shell extension 'dsv' for command environment
[0.232s] INFO:colcon.colcon_ros.task.ament_python.build:Building ROS package in '/home/mehmet/sadek/src/virtual_maize_field' with build type 'ament_python'
[0.232s] Level 1:colcon.colcon_core.shell:create_environment_hook('virtual_maize_field', 'ament_prefix_path')
[0.232s] INFO:colcon.colcon_core.shell:Creating environment hook '/home/mehmet/sadek/install/virtual_maize_field/share/virtual_maize_field/hook/ament_prefix_path.ps1'
[0.233s] INFO:colcon.colcon_core.shell:Creating environment descriptor '/home/mehmet/sadek/install/virtual_maize_field/share/virtual_maize_field/hook/ament_prefix_path.dsv'
[0.233s] INFO:colcon.colcon_core.shell:Creating environment hook '/home/mehmet/sadek/install/virtual_maize_field/share/virtual_maize_field/hook/ament_prefix_path.sh'
[0.234s] INFO:colcon.colcon_core.shell:Skip shell extension 'powershell' for command environment: Not usable outside of PowerShell
[0.234s] DEBUG:colcon.colcon_core.shell:Skip shell extension 'dsv' for command environment
[0.237s] DEBUG:colcon.colcon_core.event_handler.log_command:Invoking command in '/home/mehmet/sadek/build/sadek_controller': CMAKE_PREFIX_PATH=/opt/ros/humble /usr/bin/cmake /home/mehmet/sadek/src/sadek_controller -DAMENT_CMAKE_SYMLINK_INSTALL=1 -DCMAKE_INSTALL_PREFIX=/home/mehmet/sadek/install/sadek_controller
[0.239s] DEBUG:colcon.colcon_core.event_handler.log_command:Invoking command in '/home/mehmet/sadek/build/sadek_description': CMAKE_PREFIX_PATH=/opt/ros/humble /usr/bin/cmake /home/mehmet/sadek/src/sadek_description -DAMENT_CMAKE_SYMLINK_INSTALL=1 -DCMAKE_INSTALL_PREFIX=/home/mehmet/sadek/install/sadek_description
[0.383s] INFO:colcon.colcon_core.task.python.build:Building Python package in '/home/mehmet/sadek/src/virtual_maize_field'
[0.384s] INFO:colcon.colcon_core.shell:Skip shell extension 'powershell' for command environment: Not usable outside of PowerShell
[0.384s] DEBUG:colcon.colcon_core.shell:Skip shell extension 'dsv' for command environment
[0.654s] DEBUG:colcon.colcon_core.event_handler.log_command:Invoking command in '/home/mehmet/sadek/build/virtual_maize_field': PYTHONPATH=/home/mehmet/sadek/build/virtual_maize_field/prefix_override:/usr/lib/python3/dist-packages/colcon_core/task/python/colcon_distutils_commands:/home/mehmet/sadek/install/virtual_maize_field/lib/python3.10/site-packages:${PYTHONPATH} /usr/bin/python3 -W ignore:setup.py install is deprecated -W ignore:easy_install command is deprecated setup.py develop --editable --build-directory /home/mehmet/sadek/build/virtual_maize_field/build --no-deps symlink_data
[0.774s] DEBUG:colcon.colcon_core.event_handler.log_command:Invoked command in '/home/mehmet/sadek/build/sadek_description' returned '0': CMAKE_PREFIX_PATH=/opt/ros/humble /usr/bin/cmake /home/mehmet/sadek/src/sadek_description -DAMENT_CMAKE_SYMLINK_INSTALL=1 -DCMAKE_INSTALL_PREFIX=/home/mehmet/sadek/install/sadek_description
[0.775s] DEBUG:colcon.colcon_core.event_handler.log_command:Invoking command in '/home/mehmet/sadek/build/sadek_description': CMAKE_PREFIX_PATH=/opt/ros/humble /usr/bin/cmake --build /home/mehmet/sadek/build/sadek_description -- -j16 -l16
[0.776s] DEBUG:colcon.colcon_core.event_handler.log_command:Invoked command in '/home/mehmet/sadek/build/sadek_controller' returned '0': CMAKE_PREFIX_PATH=/opt/ros/humble /usr/bin/cmake /home/mehmet/sadek/src/sadek_controller -DAMENT_CMAKE_SYMLINK_INSTALL=1 -DCMAKE_INSTALL_PREFIX=/home/mehmet/sadek/install/sadek_controller
[0.776s] DEBUG:colcon.colcon_core.event_handler.log_command:Invoking command in '/home/mehmet/sadek/build/sadek_controller': CMAKE_PREFIX_PATH=/opt/ros/humble /usr/bin/cmake --build /home/mehmet/sadek/build/sadek_controller -- -j16 -l16
[0.802s] DEBUG:colcon.colcon_core.event_handler.log_command:Invoked command in '/home/mehmet/sadek/build/sadek_controller' returned '0': CMAKE_PREFIX_PATH=/opt/ros/humble /usr/bin/cmake --build /home/mehmet/sadek/build/sadek_controller -- -j16 -l16
[0.808s] DEBUG:colcon.colcon_core.event_handler.log_command:Invoking command in '/home/mehmet/sadek/build/sadek_controller': CMAKE_PREFIX_PATH=/opt/ros/humble /usr/bin/cmake --install /home/mehmet/sadek/build/sadek_controller
[0.809s] DEBUG:colcon.colcon_core.event_handler.log_command:Invoked command in '/home/mehmet/sadek/build/sadek_description' returned '0': CMAKE_PREFIX_PATH=/opt/ros/humble /usr/bin/cmake --build /home/mehmet/sadek/build/sadek_description -- -j16 -l16
[0.810s] DEBUG:colcon.colcon_core.event_handler.log_command:Invoking command in '/home/mehmet/sadek/build/sadek_description': CMAKE_PREFIX_PATH=/opt/ros/humble /usr/bin/cmake --install /home/mehmet/sadek/build/sadek_description
[0.890s] Level 1:colcon.colcon_core.environment:create_environment_scripts_only(sadek_controller)
[0.891s] DEBUG:colcon.colcon_core.event_handler.log_command:Invoked command in '/home/mehmet/sadek/build/sadek_controller' returned '0': CMAKE_PREFIX_PATH=/opt/ros/humble /usr/bin/cmake --install /home/mehmet/sadek/build/sadek_controller
[0.893s] Level 1:colcon.colcon_core.environment:checking '/home/mehmet/sadek/install/sadek_controller' for CMake module files
[0.893s] Level 1:colcon.colcon_core.environment:checking '/home/mehmet/sadek/install/sadek_controller' for CMake config files
[0.893s] Level 1:colcon.colcon_core.shell:create_environment_hook('sadek_controller', 'cmake_prefix_path')
[0.894s] INFO:colcon.colcon_core.shell:Creating environment hook '/home/mehmet/sadek/install/sadek_controller/share/sadek_controller/hook/cmake_prefix_path.ps1'
[0.894s] INFO:colcon.colcon_core.shell:Creating environment descriptor '/home/mehmet/sadek/install/sadek_controller/share/sadek_controller/hook/cmake_prefix_path.dsv'
[0.894s] INFO:colcon.colcon_core.shell:Creating environment hook '/home/mehmet/sadek/install/sadek_controller/share/sadek_controller/hook/cmake_prefix_path.sh'
[0.894s] Level 1:colcon.colcon_core.environment:checking '/home/mehmet/sadek/install/sadek_controller/bin'
[0.894s] Level 1:colcon.colcon_core.environment:checking '/home/mehmet/sadek/install/sadek_controller/lib/pkgconfig/sadek_controller.pc'
[0.895s] Level 1:colcon.colcon_core.environment:checking '/home/mehmet/sadek/install/sadek_controller/lib/python3.10/site-packages'
[0.895s] Level 1:colcon.colcon_core.environment:checking '/home/mehmet/sadek/install/sadek_controller/bin'
[0.895s] INFO:colcon.colcon_core.shell:Creating package script '/home/mehmet/sadek/install/sadek_controller/share/sadek_controller/package.ps1'
[0.895s] INFO:colcon.colcon_core.shell:Creating package descriptor '/home/mehmet/sadek/install/sadek_controller/share/sadek_controller/package.dsv'
[0.896s] INFO:colcon.colcon_core.shell:Creating package script '/home/mehmet/sadek/install/sadek_controller/share/sadek_controller/package.sh'
[0.897s] INFO:colcon.colcon_core.shell:Creating package script '/home/mehmet/sadek/install/sadek_controller/share/sadek_controller/package.bash'
[0.897s] INFO:colcon.colcon_core.shell:Creating package script '/home/mehmet/sadek/install/sadek_controller/share/sadek_controller/package.zsh'
[0.898s] Level 1:colcon.colcon_core.environment:create_file_with_runtime_dependencies(/home/mehmet/sadek/install/sadek_controller/share/colcon-core/packages/sadek_controller)
[0.898s] Level 1:colcon.colcon_core.environment:create_environment_scripts_only(sadek_controller)
[0.898s] Level 1:colcon.colcon_core.environment:checking '/home/mehmet/sadek/install/sadek_controller' for CMake module files
[0.898s] Level 1:colcon.colcon_core.environment:checking '/home/mehmet/sadek/install/sadek_controller' for CMake config files
[0.898s] Level 1:colcon.colcon_core.shell:create_environment_hook('sadek_controller', 'cmake_prefix_path')
[0.898s] INFO:colcon.colcon_core.shell:Creating environment hook '/home/mehmet/sadek/install/sadek_controller/share/sadek_controller/hook/cmake_prefix_path.ps1'
[0.899s] INFO:colcon.colcon_core.shell:Creating environment descriptor '/home/mehmet/sadek/install/sadek_controller/share/sadek_controller/hook/cmake_prefix_path.dsv'
[0.899s] INFO:colcon.colcon_core.shell:Creating environment hook '/home/mehmet/sadek/install/sadek_controller/share/sadek_controller/hook/cmake_prefix_path.sh'
[0.899s] Level 1:colcon.colcon_core.environment:checking '/home/mehmet/sadek/install/sadek_controller/bin'
[0.899s] Level 1:colcon.colcon_core.environment:checking '/home/mehmet/sadek/install/sadek_controller/lib/pkgconfig/sadek_controller.pc'
[0.899s] Level 1:colcon.colcon_core.environment:checking '/home/mehmet/sadek/install/sadek_controller/lib/python3.10/site-packages'
[0.899s] Level 1:colcon.colcon_core.environment:checking '/home/mehmet/sadek/install/sadek_controller/bin'
[0.900s] INFO:colcon.colcon_core.shell:Creating package script '/home/mehmet/sadek/install/sadek_controller/share/sadek_controller/package.ps1'
[0.900s] INFO:colcon.colcon_core.shell:Creating package descriptor '/home/mehmet/sadek/install/sadek_controller/share/sadek_controller/package.dsv'
[0.900s] INFO:colcon.colcon_core.shell:Creating package script '/home/mehmet/sadek/install/sadek_controller/share/sadek_controller/package.sh'
[0.900s] INFO:colcon.colcon_core.shell:Creating package script '/home/mehmet/sadek/install/sadek_controller/share/sadek_controller/package.bash'
[0.900s] INFO:colcon.colcon_core.shell:Creating package script '/home/mehmet/sadek/install/sadek_controller/share/sadek_controller/package.zsh'
[0.901s] Level 1:colcon.colcon_core.environment:create_file_with_runtime_dependencies(/home/mehmet/sadek/install/sadek_controller/share/colcon-core/packages/sadek_controller)
[0.901s] Level 1:colcon.colcon_core.environment:create_environment_scripts_only(sadek_description)
[0.901s] DEBUG:colcon.colcon_core.event_handler.log_command:Invoked command in '/home/mehmet/sadek/build/sadek_description' returned '0': CMAKE_PREFIX_PATH=/opt/ros/humble /usr/bin/cmake --install /home/mehmet/sadek/build/sadek_description
[0.902s] Level 1:colcon.colcon_core.environment:checking '/home/mehmet/sadek/install/sadek_description' for CMake module files
[0.902s] Level 1:colcon.colcon_core.environment:checking '/home/mehmet/sadek/install/sadek_description' for CMake config files
[0.902s] Level 1:colcon.colcon_core.shell:create_environment_hook('sadek_description', 'cmake_prefix_path')
[0.902s] INFO:colcon.colcon_core.shell:Creating environment hook '/home/mehmet/sadek/install/sadek_description/share/sadek_description/hook/cmake_prefix_path.ps1'
[0.903s] INFO:colcon.colcon_core.shell:Creating environment descriptor '/home/mehmet/sadek/install/sadek_description/share/sadek_description/hook/cmake_prefix_path.dsv'
[0.903s] INFO:colcon.colcon_core.shell:Creating environment hook '/home/mehmet/sadek/install/sadek_description/share/sadek_description/hook/cmake_prefix_path.sh'
[0.903s] Level 1:colcon.colcon_core.environment:checking '/home/mehmet/sadek/install/sadek_description/bin'
[0.903s] Level 1:colcon.colcon_core.environment:checking '/home/mehmet/sadek/install/sadek_description/lib/pkgconfig/sadek_description.pc'
[0.903s] Level 1:colcon.colcon_core.environment:checking '/home/mehmet/sadek/install/sadek_description/lib/python3.10/site-packages'
[0.903s] Level 1:colcon.colcon_core.environment:checking '/home/mehmet/sadek/install/sadek_description/bin'
[0.904s] INFO:colcon.colcon_core.shell:Creating package script '/home/mehmet/sadek/install/sadek_description/share/sadek_description/package.ps1'
[0.904s] INFO:colcon.colcon_core.shell:Creating package descriptor '/home/mehmet/sadek/install/sadek_description/share/sadek_description/package.dsv'
[0.904s] INFO:colcon.colcon_core.shell:Creating package script '/home/mehmet/sadek/install/sadek_description/share/sadek_description/package.sh'
[0.904s] INFO:colcon.colcon_core.shell:Creating package script '/home/mehmet/sadek/install/sadek_description/share/sadek_description/package.bash'
[0.904s] INFO:colcon.colcon_core.shell:Creating package script '/home/mehmet/sadek/install/sadek_description/share/sadek_description/package.zsh'
[0.905s] Level 1:colcon.colcon_core.environment:create_file_with_runtime_dependencies(/home/mehmet/sadek/install/sadek_description/share/colcon-core/packages/sadek_description)
[0.905s] Level 1:colcon.colcon_core.environment:create_environment_scripts_only(sadek_description)
[0.905s] Level 1:colcon.colcon_core.environment:checking '/home/mehmet/sadek/install/sadek_description' for CMake module files
[0.905s] Level 1:colcon.colcon_core.environment:checking '/home/mehmet/sadek/install/sadek_description' for CMake config files
[0.905s] Level 1:colcon.colcon_core.shell:create_environment_hook('sadek_description', 'cmake_prefix_path')
[0.905s] INFO:colcon.colcon_core.shell:Creating environment hook '/home/mehmet/sadek/install/sadek_description/share/sadek_description/hook/cmake_prefix_path.ps1'
[0.906s] INFO:colcon.colcon_core.shell:Creating environment descriptor '/home/mehmet/sadek/install/sadek_description/share/sadek_description/hook/cmake_prefix_path.dsv'
[0.906s] INFO:colcon.colcon_core.shell:Creating environment hook '/home/mehmet/sadek/install/sadek_description/share/sadek_description/hook/cmake_prefix_path.sh'
[0.906s] Level 1:colcon.colcon_core.environment:checking '/home/mehmet/sadek/install/sadek_description/bin'
[0.906s] Level 1:colcon.colcon_core.environment:checking '/home/mehmet/sadek/install/sadek_description/lib/pkgconfig/sadek_description.pc'
[0.906s] Level 1:colcon.colcon_core.environment:checking '/home/mehmet/sadek/install/sadek_description/lib/python3.10/site-packages'
[0.906s] Level 1:colcon.colcon_core.environment:checking '/home/mehmet/sadek/install/sadek_description/bin'
[0.907s] INFO:colcon.colcon_core.shell:Creating package script '/home/mehmet/sadek/install/sadek_description/share/sadek_description/package.ps1'
[0.907s] INFO:colcon.colcon_core.shell:Creating package descriptor '/home/mehmet/sadek/install/sadek_description/share/sadek_description/package.dsv'
[0.907s] INFO:colcon.colcon_core.shell:Creating package script '/home/mehmet/sadek/install/sadek_description/share/sadek_description/package.sh'
[0.907s] INFO:colcon.colcon_core.shell:Creating package script '/home/mehmet/sadek/install/sadek_description/share/sadek_description/package.bash'
[0.907s] INFO:colcon.colcon_core.shell:Creating package script '/home/mehmet/sadek/install/sadek_description/share/sadek_description/package.zsh'
[0.908s] Level 1:colcon.colcon_core.environment:create_file_with_runtime_dependencies(/home/mehmet/sadek/install/sadek_description/share/colcon-core/packages/sadek_description)
[0.908s] Level 1:colcon.colcon_core.shell:create_environment_hook('virtual_maize_field', 'pythonpath_develop')
[0.908s] DEBUG:colcon.colcon_core.event_handler.log_command:Invoked command in '/home/mehmet/sadek/build/virtual_maize_field' returned '0': PYTHONPATH=/home/mehmet/sadek/build/virtual_maize_field/prefix_override:/usr/lib/python3/dist-packages/colcon_core/task/python/colcon_distutils_commands:/home/mehmet/sadek/install/virtual_maize_field/lib/python3.10/site-packages:${PYTHONPATH} /usr/bin/python3 -W ignore:setup.py install is deprecated -W ignore:easy_install command is deprecated setup.py develop --editable --build-directory /home/mehmet/sadek/build/virtual_maize_field/build --no-deps symlink_data
[0.908s] INFO:colcon.colcon_core.shell:Creating environment hook '/home/mehmet/sadek/build/virtual_maize_field/share/virtual_maize_field/hook/pythonpath_develop.ps1'
[0.909s] INFO:colcon.colcon_core.shell:Creating environment descriptor '/home/mehmet/sadek/build/virtual_maize_field/share/virtual_maize_field/hook/pythonpath_develop.dsv'
[0.909s] INFO:colcon.colcon_core.shell:Creating environment hook '/home/mehmet/sadek/build/virtual_maize_field/share/virtual_maize_field/hook/pythonpath_develop.sh'
[0.910s] Level 1:colcon.colcon_core.environment:checking '/home/mehmet/sadek/install/virtual_maize_field' for CMake module files
[0.910s] Level 1:colcon.colcon_core.environment:checking '/home/mehmet/sadek/install/virtual_maize_field' for CMake config files
[0.912s] Level 1:colcon.colcon_core.environment:checking '/home/mehmet/sadek/install/virtual_maize_field/lib'
[0.912s] Level 1:colcon.colcon_core.environment:checking '/home/mehmet/sadek/install/virtual_maize_field/bin'
[0.912s] Level 1:colcon.colcon_core.environment:checking '/home/mehmet/sadek/install/virtual_maize_field/lib/pkgconfig/virtual_maize_field.pc'
[0.912s] Level 1:colcon.colcon_core.environment:checking '/home/mehmet/sadek/install/virtual_maize_field/lib/python3.10/site-packages'
[0.912s] Level 1:colcon.colcon_core.shell:create_environment_hook('virtual_maize_field', 'pythonpath')
[0.913s] INFO:colcon.colcon_core.shell:Creating environment hook '/home/mehmet/sadek/install/virtual_maize_field/share/virtual_maize_field/hook/pythonpath.ps1'
[0.913s] INFO:colcon.colcon_core.shell:Creating environment descriptor '/home/mehmet/sadek/install/virtual_maize_field/share/virtual_maize_field/hook/pythonpath.dsv'
[0.913s] INFO:colcon.colcon_core.shell:Creating environment hook '/home/mehmet/sadek/install/virtual_maize_field/share/virtual_maize_field/hook/pythonpath.sh'
[0.914s] Level 1:colcon.colcon_core.environment:checking '/home/mehmet/sadek/install/virtual_maize_field/bin'
[0.914s] Level 1:colcon.colcon_core.environment:create_environment_scripts_only(virtual_maize_field)
[0.914s] INFO:colcon.colcon_core.shell:Creating package script '/home/mehmet/sadek/install/virtual_maize_field/share/virtual_maize_field/package.ps1'
[0.915s] INFO:colcon.colcon_core.shell:Creating package descriptor '/home/mehmet/sadek/install/virtual_maize_field/share/virtual_maize_field/package.dsv'
[0.915s] INFO:colcon.colcon_core.shell:Creating package script '/home/mehmet/sadek/install/virtual_maize_field/share/virtual_maize_field/package.sh'
[0.915s] INFO:colcon.colcon_core.shell:Creating package script '/home/mehmet/sadek/install/virtual_maize_field/share/virtual_maize_field/package.bash'
[0.915s] INFO:colcon.colcon_core.shell:Creating package script '/home/mehmet/sadek/install/virtual_maize_field/share/virtual_maize_field/package.zsh'
[0.915s] Level 1:colcon.colcon_core.environment:create_file_with_runtime_dependencies(/home/mehmet/sadek/install/virtual_maize_field/share/colcon-core/packages/virtual_maize_field)
[0.915s] DEBUG:colcon.colcon_parallel_executor.executor.parallel:closing loop
[0.916s] DEBUG:colcon.colcon_parallel_executor.executor.parallel:loop closed
[0.916s] DEBUG:colcon.colcon_parallel_executor.executor.parallel:run_until_complete finished with '0'
[0.916s] DEBUG:colcon.colcon_core.event_reactor:joining thread
[0.919s] INFO:colcon.colcon_core.plugin_system:Skipping extension 'colcon_notification.desktop_notification.terminal_notifier': Not used on non-Darwin systems
[0.919s] INFO:colcon.colcon_core.plugin_system:Skipping extension 'colcon_notification.desktop_notification.win32': Not used on non-Windows systems
[0.919s] INFO:colcon.colcon_notification.desktop_notification:Sending desktop notification using 'notify2'
[0.926s] DEBUG:colcon.colcon_core.event_reactor:joined thread
[0.927s] INFO:colcon.colcon_core.shell:Creating prefix script '/home/mehmet/sadek/install/local_setup.ps1'
[0.927s] INFO:colcon.colcon_core.shell:Creating prefix util module '/home/mehmet/sadek/install/_local_setup_util_ps1.py'
[0.928s] INFO:colcon.colcon_core.shell:Creating prefix chain script '/home/mehmet/sadek/install/setup.ps1'
[0.929s] INFO:colcon.colcon_core.shell:Creating prefix script '/home/mehmet/sadek/install/local_setup.sh'
[0.929s] INFO:colcon.colcon_core.shell:Creating prefix util module '/home/mehmet/sadek/install/_local_setup_util_sh.py'
[0.929s] INFO:colcon.colcon_core.shell:Creating prefix chain script '/home/mehmet/sadek/install/setup.sh'
[0.930s] INFO:colcon.colcon_core.shell:Creating prefix script '/home/mehmet/sadek/install/local_setup.bash'
[0.930s] INFO:colcon.colcon_core.shell:Creating prefix chain script '/home/mehmet/sadek/install/setup.bash'
[0.931s] INFO:colcon.colcon_core.shell:Creating prefix script '/home/mehmet/sadek/install/local_setup.zsh'
[0.931s] INFO:colcon.colcon_core.shell:Creating prefix chain script '/home/mehmet/sadek/install/setup.zsh'
