[0.421s] Invoking command in '/home/mehmet/sadek/build/virtual_maize_field': PYTHONPATH=/home/mehmet/sadek/build/virtual_maize_field/prefix_override:/usr/lib/python3/dist-packages/colcon_core/task/python/colcon_distutils_commands:/home/mehmet/sadek/install/virtual_maize_field/lib/python3.10/site-packages:${PYTHONPATH} /usr/bin/python3 -W ignore:setup.py install is deprecated -W ignore:easy_install command is deprecated setup.py develop --editable --build-directory /home/mehmet/sadek/build/virtual_maize_field/build --no-deps symlink_data
[0.564s] running develop
[0.648s] running egg_info
[0.648s] creating virtual_maize_field.egg-info
[0.649s] writing virtual_maize_field.egg-info/PKG-INFO
[0.649s] writing dependency_links to virtual_maize_field.egg-info/dependency_links.txt
[0.649s] writing entry points to virtual_maize_field.egg-info/entry_points.txt
[0.649s] writing requirements to virtual_maize_field.egg-info/requires.txt
[0.649s] writing top-level names to virtual_maize_field.egg-info/top_level.txt
[0.649s] writing manifest file 'virtual_maize_field.egg-info/SOURCES.txt'
[0.651s] reading manifest file 'virtual_maize_field.egg-info/SOURCES.txt'
[0.652s] writing manifest file 'virtual_maize_field.egg-info/SOURCES.txt'
[0.652s] running build_ext
[0.652s] Creating /home/mehmet/sadek/install/virtual_maize_field/lib/python3.10/site-packages/virtual-maize-field.egg-link (link to .)
[0.653s] Installing generate_world script to /home/mehmet/sadek/install/virtual_maize_field/lib/virtual_maize_field
[0.653s] 
[0.653s] Installed /home/mehmet/sadek/build/virtual_maize_field
[0.653s] running symlink_data
[0.653s] creating /home/mehmet/sadek/install/virtual_maize_field/share/ament_index
[0.653s] creating /home/mehmet/sadek/install/virtual_maize_field/share/ament_index/resource_index
[0.653s] creating /home/mehmet/sadek/install/virtual_maize_field/share/ament_index/resource_index/packages
[0.653s] symbolically linking /home/mehmet/sadek/build/virtual_maize_field/resource/virtual_maize_field -> /home/mehmet/sadek/install/virtual_maize_field/share/ament_index/resource_index/packages
[0.653s] symbolically linking /home/mehmet/sadek/build/virtual_maize_field/package.xml -> /home/mehmet/sadek/install/virtual_maize_field/share/virtual_maize_field
[0.653s] creating /home/mehmet/sadek/install/virtual_maize_field/share/virtual_maize_field/config
[0.653s] symbolically linking /home/mehmet/sadek/build/virtual_maize_field/config/fre21_task_1.yaml -> /home/mehmet/sadek/install/virtual_maize_field/share/virtual_maize_field/config
[0.653s] symbolically linking /home/mehmet/sadek/build/virtual_maize_field/config/fre21_task_2.yaml -> /home/mehmet/sadek/install/virtual_maize_field/share/virtual_maize_field/config
[0.653s] symbolically linking /home/mehmet/sadek/build/virtual_maize_field/config/fre22_task_mapping_fast.yaml -> /home/mehmet/sadek/install/virtual_maize_field/share/virtual_maize_field/config
[0.653s] symbolically linking /home/mehmet/sadek/build/virtual_maize_field/config/fre22_task_mapping_mini.yaml -> /home/mehmet/sadek/install/virtual_maize_field/share/virtual_maize_field/config
[0.653s] symbolically linking /home/mehmet/sadek/build/virtual_maize_field/config/fre22_task_navigation_mini.yaml -> /home/mehmet/sadek/install/virtual_maize_field/share/virtual_maize_field/config
[0.653s] symbolically linking /home/mehmet/sadek/build/virtual_maize_field/config/fre21_task_1_fast.yaml -> /home/mehmet/sadek/install/virtual_maize_field/share/virtual_maize_field/config
[0.653s] symbolically linking /home/mehmet/sadek/build/virtual_maize_field/config/fre21_task_4_mini.yaml -> /home/mehmet/sadek/install/virtual_maize_field/share/virtual_maize_field/config
[0.653s] symbolically linking /home/mehmet/sadek/build/virtual_maize_field/config/fre21_task_1_mini.yaml -> /home/mehmet/sadek/install/virtual_maize_field/share/virtual_maize_field/config
[0.653s] symbolically linking /home/mehmet/sadek/build/virtual_maize_field/config/fre21_task_3_fast.yaml -> /home/mehmet/sadek/install/virtual_maize_field/share/virtual_maize_field/config
[0.653s] symbolically linking /home/mehmet/sadek/build/virtual_maize_field/config/fre22_task_mapping.yaml -> /home/mehmet/sadek/install/virtual_maize_field/share/virtual_maize_field/config
[0.654s] symbolically linking /home/mehmet/sadek/build/virtual_maize_field/config/fre22_task_navigation.yaml -> /home/mehmet/sadek/install/virtual_maize_field/share/virtual_maize_field/config
[0.654s] symbolically linking /home/mehmet/sadek/build/virtual_maize_field/config/fre21_task_4_fast.yaml -> /home/mehmet/sadek/install/virtual_maize_field/share/virtual_maize_field/config
[0.654s] symbolically linking /home/mehmet/sadek/build/virtual_maize_field/config/fre22_task_navigation_fast.yaml -> /home/mehmet/sadek/install/virtual_maize_field/share/virtual_maize_field/config
[0.654s] symbolically linking /home/mehmet/sadek/build/virtual_maize_field/config/fre21_task_3_mini.yaml -> /home/mehmet/sadek/install/virtual_maize_field/share/virtual_maize_field/config
[0.654s] symbolically linking /home/mehmet/sadek/build/virtual_maize_field/config/fre21_task_2_mini.yaml -> /home/mehmet/sadek/install/virtual_maize_field/share/virtual_maize_field/config
[0.654s] symbolically linking /home/mehmet/sadek/build/virtual_maize_field/config/fre21_task_3.yaml -> /home/mehmet/sadek/install/virtual_maize_field/share/virtual_maize_field/config
[0.654s] symbolically linking /home/mehmet/sadek/build/virtual_maize_field/config/fre21_task_4.yaml -> /home/mehmet/sadek/install/virtual_maize_field/share/virtual_maize_field/config
[0.654s] symbolically linking /home/mehmet/sadek/build/virtual_maize_field/config/fre21_task_2_fast.yaml -> /home/mehmet/sadek/install/virtual_maize_field/share/virtual_maize_field/config
[0.654s] creating /home/mehmet/sadek/install/virtual_maize_field/share/virtual_maize_field/launch
[0.654s] symbolically linking /home/mehmet/sadek/build/virtual_maize_field/launch/simulation.launch.py -> /home/mehmet/sadek/install/virtual_maize_field/share/virtual_maize_field/launch
[0.654s] creating /home/mehmet/sadek/install/virtual_maize_field/share/virtual_maize_field/models
[0.654s] creating /home/mehmet/sadek/install/virtual_maize_field/share/virtual_maize_field/models/location_marker_a
[0.654s] symbolically linking /home/mehmet/sadek/build/virtual_maize_field/models/location_marker_a/model.config -> /home/mehmet/sadek/install/virtual_maize_field/share/virtual_maize_field/models/location_marker_a
[0.654s] symbolically linking /home/mehmet/sadek/build/virtual_maize_field/models/location_marker_a/model.sdf -> /home/mehmet/sadek/install/virtual_maize_field/share/virtual_maize_field/models/location_marker_a
[0.654s] creating /home/mehmet/sadek/install/virtual_maize_field/share/virtual_maize_field/models/location_marker_a/materials
[0.654s] creating /home/mehmet/sadek/install/virtual_maize_field/share/virtual_maize_field/models/location_marker_a/materials/textures
[0.654s] symbolically linking /home/mehmet/sadek/build/virtual_maize_field/models/location_marker_a/materials/textures/fre_logo.png -> /home/mehmet/sadek/install/virtual_maize_field/share/virtual_maize_field/models/location_marker_a/materials/textures
[0.654s] symbolically linking /home/mehmet/sadek/build/virtual_maize_field/models/location_marker_a/materials/textures/location_marker_a.png -> /home/mehmet/sadek/install/virtual_maize_field/share/virtual_maize_field/models/location_marker_a/materials/textures
[0.654s] creating /home/mehmet/sadek/install/virtual_maize_field/share/virtual_maize_field/models/location_marker_a/meshes
[0.654s] symbolically linking /home/mehmet/sadek/build/virtual_maize_field/models/location_marker_a/meshes/location_marker_a.dae -> /home/mehmet/sadek/install/virtual_maize_field/share/virtual_maize_field/models/location_marker_a/meshes
[0.654s] creating /home/mehmet/sadek/install/virtual_maize_field/share/virtual_maize_field/models/location_marker_b
[0.654s] symbolically linking /home/mehmet/sadek/build/virtual_maize_field/models/location_marker_b/model.config -> /home/mehmet/sadek/install/virtual_maize_field/share/virtual_maize_field/models/location_marker_b
[0.654s] symbolically linking /home/mehmet/sadek/build/virtual_maize_field/models/location_marker_b/model.sdf -> /home/mehmet/sadek/install/virtual_maize_field/share/virtual_maize_field/models/location_marker_b
[0.654s] creating /home/mehmet/sadek/install/virtual_maize_field/share/virtual_maize_field/models/location_marker_b/materials
[0.654s] creating /home/mehmet/sadek/install/virtual_maize_field/share/virtual_maize_field/models/location_marker_b/materials/textures
[0.654s] symbolically linking /home/mehmet/sadek/build/virtual_maize_field/models/location_marker_b/materials/textures/fre_logo.png -> /home/mehmet/sadek/install/virtual_maize_field/share/virtual_maize_field/models/location_marker_b/materials/textures
[0.654s] symbolically linking /home/mehmet/sadek/build/virtual_maize_field/models/location_marker_b/materials/textures/location_marker_b.png -> /home/mehmet/sadek/install/virtual_maize_field/share/virtual_maize_field/models/location_marker_b/materials/textures
[0.654s] creating /home/mehmet/sadek/install/virtual_maize_field/share/virtual_maize_field/models/location_marker_b/meshes
[0.654s] symbolically linking /home/mehmet/sadek/build/virtual_maize_field/models/location_marker_b/meshes/location_marker_b.dae -> /home/mehmet/sadek/install/virtual_maize_field/share/virtual_maize_field/models/location_marker_b/meshes
[0.654s] creating /home/mehmet/sadek/install/virtual_maize_field/share/virtual_maize_field/models/materials
[0.654s] creating /home/mehmet/sadek/install/virtual_maize_field/share/virtual_maize_field/models/materials/textures
[0.654s] symbolically linking /home/mehmet/sadek/build/virtual_maize_field/models/materials/textures/dirt_diffusespecular.png -> /home/mehmet/sadek/install/virtual_maize_field/share/virtual_maize_field/models/materials/textures
[0.654s] symbolically linking /home/mehmet/sadek/build/virtual_maize_field/models/materials/textures/flat_normal.png -> /home/mehmet/sadek/install/virtual_maize_field/share/virtual_maize_field/models/materials/textures
[0.655s] symbolically linking /home/mehmet/sadek/build/virtual_maize_field/models/materials/textures/grass_displacement.jpg -> /home/mehmet/sadek/install/virtual_maize_field/share/virtual_maize_field/models/materials/textures
[0.655s] symbolically linking /home/mehmet/sadek/build/virtual_maize_field/models/materials/textures/grass_color.jpg -> /home/mehmet/sadek/install/virtual_maize_field/share/virtual_maize_field/models/materials/textures
[0.655s] symbolically linking /home/mehmet/sadek/build/virtual_maize_field/models/materials/textures/fungus_diffusespecular.png -> /home/mehmet/sadek/install/virtual_maize_field/share/virtual_maize_field/models/materials/textures
[0.655s] symbolically linking /home/mehmet/sadek/build/virtual_maize_field/models/materials/textures/grass_normal.jpg -> /home/mehmet/sadek/install/virtual_maize_field/share/virtual_maize_field/models/materials/textures
[0.655s] symbolically linking /home/mehmet/sadek/build/virtual_maize_field/models/materials/textures/grass_roughness.jpg -> /home/mehmet/sadek/install/virtual_maize_field/share/virtual_maize_field/models/materials/textures
[0.655s] creating /home/mehmet/sadek/install/virtual_maize_field/share/virtual_maize_field/models/nettle
[0.655s] symbolically linking /home/mehmet/sadek/build/virtual_maize_field/models/nettle/model.config -> /home/mehmet/sadek/install/virtual_maize_field/share/virtual_maize_field/models/nettle
[0.655s] symbolically linking /home/mehmet/sadek/build/virtual_maize_field/models/nettle/model.sdf -> /home/mehmet/sadek/install/virtual_maize_field/share/virtual_maize_field/models/nettle
[0.655s] creating /home/mehmet/sadek/install/virtual_maize_field/share/virtual_maize_field/models/nettle/materials
[0.655s] creating /home/mehmet/sadek/install/virtual_maize_field/share/virtual_maize_field/models/nettle/materials/textures
[0.655s] symbolically linking /home/mehmet/sadek/build/virtual_maize_field/models/nettle/materials/textures/nettle.png -> /home/mehmet/sadek/install/virtual_maize_field/share/virtual_maize_field/models/nettle/materials/textures
[0.655s] creating /home/mehmet/sadek/install/virtual_maize_field/share/virtual_maize_field/models/nettle/meshes
[0.655s] symbolically linking /home/mehmet/sadek/build/virtual_maize_field/models/nettle/meshes/nettle.dae -> /home/mehmet/sadek/install/virtual_maize_field/share/virtual_maize_field/models/nettle/meshes
[0.655s] creating /home/mehmet/sadek/install/virtual_maize_field/share/virtual_maize_field/models/maize_02
[0.655s] symbolically linking /home/mehmet/sadek/build/virtual_maize_field/models/maize_02/model.config -> /home/mehmet/sadek/install/virtual_maize_field/share/virtual_maize_field/models/maize_02
[0.655s] symbolically linking /home/mehmet/sadek/build/virtual_maize_field/models/maize_02/model.sdf -> /home/mehmet/sadek/install/virtual_maize_field/share/virtual_maize_field/models/maize_02
[0.655s] creating /home/mehmet/sadek/install/virtual_maize_field/share/virtual_maize_field/models/maize_02/materials
[0.655s] creating /home/mehmet/sadek/install/virtual_maize_field/share/virtual_maize_field/models/maize_02/materials/textures
[0.655s] symbolically linking /home/mehmet/sadek/build/virtual_maize_field/models/maize_02/materials/textures/maize_02.png -> /home/mehmet/sadek/install/virtual_maize_field/share/virtual_maize_field/models/maize_02/materials/textures
[0.655s] creating /home/mehmet/sadek/install/virtual_maize_field/share/virtual_maize_field/models/maize_02/meshes
[0.655s] symbolically linking /home/mehmet/sadek/build/virtual_maize_field/models/maize_02/meshes/maize_02.dae -> /home/mehmet/sadek/install/virtual_maize_field/share/virtual_maize_field/models/maize_02/meshes
[0.655s] creating /home/mehmet/sadek/install/virtual_maize_field/share/virtual_maize_field/models/coke_can
[0.655s] symbolically linking /home/mehmet/sadek/build/virtual_maize_field/models/coke_can/model.config -> /home/mehmet/sadek/install/virtual_maize_field/share/virtual_maize_field/models/coke_can
[0.655s] symbolically linking /home/mehmet/sadek/build/virtual_maize_field/models/coke_can/model.sdf -> /home/mehmet/sadek/install/virtual_maize_field/share/virtual_maize_field/models/coke_can
[0.655s] creating /home/mehmet/sadek/install/virtual_maize_field/share/virtual_maize_field/models/coke_can/materials
[0.655s] creating /home/mehmet/sadek/install/virtual_maize_field/share/virtual_maize_field/models/coke_can/materials/textures
[0.655s] symbolically linking /home/mehmet/sadek/build/virtual_maize_field/models/coke_can/materials/textures/coke_can.png -> /home/mehmet/sadek/install/virtual_maize_field/share/virtual_maize_field/models/coke_can/materials/textures
[0.655s] creating /home/mehmet/sadek/install/virtual_maize_field/share/virtual_maize_field/models/coke_can/meshes
[0.655s] symbolically linking /home/mehmet/sadek/build/virtual_maize_field/models/coke_can/meshes/coke_can.dae -> /home/mehmet/sadek/install/virtual_maize_field/share/virtual_maize_field/models/coke_can/meshes
[0.655s] creating /home/mehmet/sadek/install/virtual_maize_field/share/virtual_maize_field/models/stone_01
[0.655s] symbolically linking /home/mehmet/sadek/build/virtual_maize_field/models/stone_01/model.config -> /home/mehmet/sadek/install/virtual_maize_field/share/virtual_maize_field/models/stone_01
[0.655s] symbolically linking /home/mehmet/sadek/build/virtual_maize_field/models/stone_01/model.sdf -> /home/mehmet/sadek/install/virtual_maize_field/share/virtual_maize_field/models/stone_01
[0.655s] creating /home/mehmet/sadek/install/virtual_maize_field/share/virtual_maize_field/models/stone_01/materials
[0.655s] creating /home/mehmet/sadek/install/virtual_maize_field/share/virtual_maize_field/models/stone_01/materials/textures
[0.656s] symbolically linking /home/mehmet/sadek/build/virtual_maize_field/models/stone_01/materials/textures/stone_01_occlusion.jpg -> /home/mehmet/sadek/install/virtual_maize_field/share/virtual_maize_field/models/stone_01/materials/textures
[0.656s] symbolically linking /home/mehmet/sadek/build/virtual_maize_field/models/stone_01/materials/textures/stone_01_normal.jpg -> /home/mehmet/sadek/install/virtual_maize_field/share/virtual_maize_field/models/stone_01/materials/textures
[0.656s] symbolically linking /home/mehmet/sadek/build/virtual_maize_field/models/stone_01/materials/textures/stone_01.jpg -> /home/mehmet/sadek/install/virtual_maize_field/share/virtual_maize_field/models/stone_01/materials/textures
[0.656s] creating /home/mehmet/sadek/install/virtual_maize_field/share/virtual_maize_field/models/stone_01/meshes
[0.656s] symbolically linking /home/mehmet/sadek/build/virtual_maize_field/models/stone_01/meshes/stone_01.dae -> /home/mehmet/sadek/install/virtual_maize_field/share/virtual_maize_field/models/stone_01/meshes
[0.656s] creating /home/mehmet/sadek/install/virtual_maize_field/share/virtual_maize_field/models/maize_01
[0.656s] symbolically linking /home/mehmet/sadek/build/virtual_maize_field/models/maize_01/model.config -> /home/mehmet/sadek/install/virtual_maize_field/share/virtual_maize_field/models/maize_01
[0.656s] symbolically linking /home/mehmet/sadek/build/virtual_maize_field/models/maize_01/model.sdf -> /home/mehmet/sadek/install/virtual_maize_field/share/virtual_maize_field/models/maize_01
[0.656s] creating /home/mehmet/sadek/install/virtual_maize_field/share/virtual_maize_field/models/maize_01/materials
[0.656s] creating /home/mehmet/sadek/install/virtual_maize_field/share/virtual_maize_field/models/maize_01/materials/textures
[0.656s] symbolically linking /home/mehmet/sadek/build/virtual_maize_field/models/maize_01/materials/textures/maize_01.png -> /home/mehmet/sadek/install/virtual_maize_field/share/virtual_maize_field/models/maize_01/materials/textures
[0.656s] creating /home/mehmet/sadek/install/virtual_maize_field/share/virtual_maize_field/models/maize_01/meshes
[0.656s] symbolically linking /home/mehmet/sadek/build/virtual_maize_field/models/maize_01/meshes/maize_01.dae -> /home/mehmet/sadek/install/virtual_maize_field/share/virtual_maize_field/models/maize_01/meshes
[0.656s] creating /home/mehmet/sadek/install/virtual_maize_field/share/virtual_maize_field/models/start
[0.656s] symbolically linking /home/mehmet/sadek/build/virtual_maize_field/models/start/model.config -> /home/mehmet/sadek/install/virtual_maize_field/share/virtual_maize_field/models/start
[0.656s] symbolically linking /home/mehmet/sadek/build/virtual_maize_field/models/start/model.sdf -> /home/mehmet/sadek/install/virtual_maize_field/share/virtual_maize_field/models/start
[0.656s] creating /home/mehmet/sadek/install/virtual_maize_field/share/virtual_maize_field/models/start/materials
[0.656s] creating /home/mehmet/sadek/install/virtual_maize_field/share/virtual_maize_field/models/start/materials/textures
[0.656s] symbolically linking /home/mehmet/sadek/build/virtual_maize_field/models/start/materials/textures/arrow.png -> /home/mehmet/sadek/install/virtual_maize_field/share/virtual_maize_field/models/start/materials/textures
[0.656s] creating /home/mehmet/sadek/install/virtual_maize_field/share/virtual_maize_field/models/retro_pepsi_can
[0.656s] symbolically linking /home/mehmet/sadek/build/virtual_maize_field/models/retro_pepsi_can/model.config -> /home/mehmet/sadek/install/virtual_maize_field/share/virtual_maize_field/models/retro_pepsi_can
[0.656s] symbolically linking /home/mehmet/sadek/build/virtual_maize_field/models/retro_pepsi_can/model.sdf -> /home/mehmet/sadek/install/virtual_maize_field/share/virtual_maize_field/models/retro_pepsi_can
[0.656s] creating /home/mehmet/sadek/install/virtual_maize_field/share/virtual_maize_field/models/retro_pepsi_can/materials
[0.656s] creating /home/mehmet/sadek/install/virtual_maize_field/share/virtual_maize_field/models/retro_pepsi_can/materials/textures
[0.656s] symbolically linking /home/mehmet/sadek/build/virtual_maize_field/models/retro_pepsi_can/materials/textures/retro_pepsi_can.png -> /home/mehmet/sadek/install/virtual_maize_field/share/virtual_maize_field/models/retro_pepsi_can/materials/textures
[0.656s] creating /home/mehmet/sadek/install/virtual_maize_field/share/virtual_maize_field/models/retro_pepsi_can/meshes
[0.656s] symbolically linking /home/mehmet/sadek/build/virtual_maize_field/models/retro_pepsi_can/meshes/retro_pepsi_can.dae -> /home/mehmet/sadek/install/virtual_maize_field/share/virtual_maize_field/models/retro_pepsi_can/meshes
[0.656s] creating /home/mehmet/sadek/install/virtual_maize_field/share/virtual_maize_field/models/unknown_weed
[0.656s] symbolically linking /home/mehmet/sadek/build/virtual_maize_field/models/unknown_weed/model.config -> /home/mehmet/sadek/install/virtual_maize_field/share/virtual_maize_field/models/unknown_weed
[0.656s] symbolically linking /home/mehmet/sadek/build/virtual_maize_field/models/unknown_weed/model.sdf -> /home/mehmet/sadek/install/virtual_maize_field/share/virtual_maize_field/models/unknown_weed
[0.657s] creating /home/mehmet/sadek/install/virtual_maize_field/share/virtual_maize_field/models/unknown_weed/materials
[0.657s] creating /home/mehmet/sadek/install/virtual_maize_field/share/virtual_maize_field/models/unknown_weed/materials/textures
[0.657s] symbolically linking /home/mehmet/sadek/build/virtual_maize_field/models/unknown_weed/materials/textures/unknown_weed.png -> /home/mehmet/sadek/install/virtual_maize_field/share/virtual_maize_field/models/unknown_weed/materials/textures
[0.657s] creating /home/mehmet/sadek/install/virtual_maize_field/share/virtual_maize_field/models/unknown_weed/meshes
[0.657s] symbolically linking /home/mehmet/sadek/build/virtual_maize_field/models/unknown_weed/meshes/unknown_weed.dae -> /home/mehmet/sadek/install/virtual_maize_field/share/virtual_maize_field/models/unknown_weed/meshes
[0.657s] creating /home/mehmet/sadek/install/virtual_maize_field/share/virtual_maize_field/models/stone_02
[0.657s] symbolically linking /home/mehmet/sadek/build/virtual_maize_field/models/stone_02/model.config -> /home/mehmet/sadek/install/virtual_maize_field/share/virtual_maize_field/models/stone_02
[0.657s] symbolically linking /home/mehmet/sadek/build/virtual_maize_field/models/stone_02/model.sdf -> /home/mehmet/sadek/install/virtual_maize_field/share/virtual_maize_field/models/stone_02
[0.657s] creating /home/mehmet/sadek/install/virtual_maize_field/share/virtual_maize_field/models/stone_02/materials
[0.657s] creating /home/mehmet/sadek/install/virtual_maize_field/share/virtual_maize_field/models/stone_02/materials/textures
[0.657s] symbolically linking /home/mehmet/sadek/build/virtual_maize_field/models/stone_02/materials/textures/stone_02.jpeg -> /home/mehmet/sadek/install/virtual_maize_field/share/virtual_maize_field/models/stone_02/materials/textures
[0.657s] symbolically linking /home/mehmet/sadek/build/virtual_maize_field/models/stone_02/materials/textures/stone_02_normal.jpeg -> /home/mehmet/sadek/install/virtual_maize_field/share/virtual_maize_field/models/stone_02/materials/textures
[0.657s] creating /home/mehmet/sadek/install/virtual_maize_field/share/virtual_maize_field/models/stone_02/meshes
[0.657s] symbolically linking /home/mehmet/sadek/build/virtual_maize_field/models/stone_02/meshes/stone_02.dae -> /home/mehmet/sadek/install/virtual_maize_field/share/virtual_maize_field/models/stone_02/meshes
[0.657s] creating /home/mehmet/sadek/install/virtual_maize_field/share/virtual_maize_field/models/ale
[0.657s] symbolically linking /home/mehmet/sadek/build/virtual_maize_field/models/ale/model.config -> /home/mehmet/sadek/install/virtual_maize_field/share/virtual_maize_field/models/ale
[0.657s] symbolically linking /home/mehmet/sadek/build/virtual_maize_field/models/ale/model.sdf -> /home/mehmet/sadek/install/virtual_maize_field/share/virtual_maize_field/models/ale
[0.657s] creating /home/mehmet/sadek/install/virtual_maize_field/share/virtual_maize_field/models/ale/materials
[0.657s] creating /home/mehmet/sadek/install/virtual_maize_field/share/virtual_maize_field/models/ale/materials/textures
[0.657s] symbolically linking /home/mehmet/sadek/build/virtual_maize_field/models/ale/materials/textures/beerbottle_blinn_baseColor.png -> /home/mehmet/sadek/install/virtual_maize_field/share/virtual_maize_field/models/ale/materials/textures
[0.657s] creating /home/mehmet/sadek/install/virtual_maize_field/share/virtual_maize_field/models/ale/meshes
[0.657s] symbolically linking /home/mehmet/sadek/build/virtual_maize_field/models/ale/meshes/ale.dae -> /home/mehmet/sadek/install/virtual_maize_field/share/virtual_maize_field/models/ale/meshes
[0.657s] creating /home/mehmet/sadek/install/virtual_maize_field/share/virtual_maize_field/models/beer
[0.657s] symbolically linking /home/mehmet/sadek/build/virtual_maize_field/models/beer/model.config -> /home/mehmet/sadek/install/virtual_maize_field/share/virtual_maize_field/models/beer
[0.657s] symbolically linking /home/mehmet/sadek/build/virtual_maize_field/models/beer/model.sdf -> /home/mehmet/sadek/install/virtual_maize_field/share/virtual_maize_field/models/beer
[0.657s] creating /home/mehmet/sadek/install/virtual_maize_field/share/virtual_maize_field/models/beer/materials
[0.657s] creating /home/mehmet/sadek/install/virtual_maize_field/share/virtual_maize_field/models/beer/materials/textures
[0.658s] symbolically linking /home/mehmet/sadek/build/virtual_maize_field/models/beer/materials/textures/beer.png -> /home/mehmet/sadek/install/virtual_maize_field/share/virtual_maize_field/models/beer/materials/textures
[0.658s] creating /home/mehmet/sadek/install/virtual_maize_field/share/virtual_maize_field/models/beer/meshes
[0.658s] symbolically linking /home/mehmet/sadek/build/virtual_maize_field/models/beer/meshes/beer.dae -> /home/mehmet/sadek/install/virtual_maize_field/share/virtual_maize_field/models/beer/meshes
[0.676s] Invoked command in '/home/mehmet/sadek/build/virtual_maize_field' returned '0': PYTHONPATH=/home/mehmet/sadek/build/virtual_maize_field/prefix_override:/usr/lib/python3/dist-packages/colcon_core/task/python/colcon_distutils_commands:/home/mehmet/sadek/install/virtual_maize_field/lib/python3.10/site-packages:${PYTHONPATH} /usr/bin/python3 -W ignore:setup.py install is deprecated -W ignore:easy_install command is deprecated setup.py develop --editable --build-directory /home/mehmet/sadek/build/virtual_maize_field/build --no-deps symlink_data
