/home/mehmet/sadek/install/virtual_maize_field/lib/python3.10/site-packages/virtual_maize_field/__init__.py
/home/mehmet/sadek/install/virtual_maize_field/lib/python3.10/site-packages/virtual_maize_field/generate_world.py
/home/mehmet/sadek/install/virtual_maize_field/lib/python3.10/site-packages/virtual_maize_field/world_generator/world_description.py
/home/mehmet/sadek/install/virtual_maize_field/lib/python3.10/site-packages/virtual_maize_field/world_generator/models.py
/home/mehmet/sadek/install/virtual_maize_field/lib/python3.10/site-packages/virtual_maize_field/world_generator/__init__.py
/home/mehmet/sadek/install/virtual_maize_field/lib/python3.10/site-packages/virtual_maize_field/world_generator/field_2d_generator.py
/home/mehmet/sadek/install/virtual_maize_field/lib/python3.10/site-packages/virtual_maize_field/world_generator/utils.py
/home/mehmet/sadek/install/virtual_maize_field/lib/python3.10/site-packages/virtual_maize_field/world_generator/segments/island.py
/home/mehmet/sadek/install/virtual_maize_field/lib/python3.10/site-packages/virtual_maize_field/world_generator/segments/base.py
/home/mehmet/sadek/install/virtual_maize_field/lib/python3.10/site-packages/virtual_maize_field/world_generator/segments/straight.py
/home/mehmet/sadek/install/virtual_maize_field/lib/python3.10/site-packages/virtual_maize_field/world_generator/segments/curve.py
/home/mehmet/sadek/install/virtual_maize_field/lib/python3.10/site-packages/virtual_maize_field/world_generator/segments/__init__.py
/home/mehmet/sadek/install/virtual_maize_field/lib/python3.10/site-packages/virtual_maize_field/world_generator/segments/sincurve.py
/home/mehmet/sadek/install/virtual_maize_field/lib/python3.10/site-packages/virtual_maize_field/world_generator/field.world.template
/home/mehmet/sadek/install/virtual_maize_field/lib/python3.10/site-packages/virtual_maize_field/world_generator/robot_spawner.launch.py.template
/home/mehmet/sadek/install/virtual_maize_field/lib/python3.10/site-packages/virtual_maize_field/__pycache__/__init__.cpython-310.pyc
/home/mehmet/sadek/install/virtual_maize_field/lib/python3.10/site-packages/virtual_maize_field/__pycache__/generate_world.cpython-310.pyc
/home/mehmet/sadek/install/virtual_maize_field/lib/python3.10/site-packages/virtual_maize_field/world_generator/__pycache__/world_description.cpython-310.pyc
/home/mehmet/sadek/install/virtual_maize_field/lib/python3.10/site-packages/virtual_maize_field/world_generator/__pycache__/models.cpython-310.pyc
/home/mehmet/sadek/install/virtual_maize_field/lib/python3.10/site-packages/virtual_maize_field/world_generator/__pycache__/__init__.cpython-310.pyc
/home/mehmet/sadek/install/virtual_maize_field/lib/python3.10/site-packages/virtual_maize_field/world_generator/__pycache__/field_2d_generator.cpython-310.pyc
/home/mehmet/sadek/install/virtual_maize_field/lib/python3.10/site-packages/virtual_maize_field/world_generator/__pycache__/utils.cpython-310.pyc
/home/mehmet/sadek/install/virtual_maize_field/lib/python3.10/site-packages/virtual_maize_field/world_generator/segments/__pycache__/island.cpython-310.pyc
/home/mehmet/sadek/install/virtual_maize_field/lib/python3.10/site-packages/virtual_maize_field/world_generator/segments/__pycache__/base.cpython-310.pyc
/home/mehmet/sadek/install/virtual_maize_field/lib/python3.10/site-packages/virtual_maize_field/world_generator/segments/__pycache__/straight.cpython-310.pyc
/home/mehmet/sadek/install/virtual_maize_field/lib/python3.10/site-packages/virtual_maize_field/world_generator/segments/__pycache__/curve.cpython-310.pyc
/home/mehmet/sadek/install/virtual_maize_field/lib/python3.10/site-packages/virtual_maize_field/world_generator/segments/__pycache__/__init__.cpython-310.pyc
/home/mehmet/sadek/install/virtual_maize_field/lib/python3.10/site-packages/virtual_maize_field/world_generator/segments/__pycache__/sincurve.cpython-310.pyc
/home/mehmet/sadek/install/virtual_maize_field/share/ament_index/resource_index/packages/virtual_maize_field
/home/mehmet/sadek/install/virtual_maize_field/share/virtual_maize_field/package.xml
/home/mehmet/sadek/install/virtual_maize_field/share/virtual_maize_field/config/fre21_task_1.yaml
/home/mehmet/sadek/install/virtual_maize_field/share/virtual_maize_field/config/fre21_task_2.yaml
/home/mehmet/sadek/install/virtual_maize_field/share/virtual_maize_field/config/fre22_task_mapping_fast.yaml
/home/mehmet/sadek/install/virtual_maize_field/share/virtual_maize_field/config/fre22_task_mapping_mini.yaml
/home/mehmet/sadek/install/virtual_maize_field/share/virtual_maize_field/config/fre22_task_navigation_mini.yaml
/home/mehmet/sadek/install/virtual_maize_field/share/virtual_maize_field/config/fre21_task_1_fast.yaml
/home/mehmet/sadek/install/virtual_maize_field/share/virtual_maize_field/config/fre21_task_4_mini.yaml
/home/mehmet/sadek/install/virtual_maize_field/share/virtual_maize_field/config/fre21_task_1_mini.yaml
/home/mehmet/sadek/install/virtual_maize_field/share/virtual_maize_field/config/fre21_task_3_fast.yaml
/home/mehmet/sadek/install/virtual_maize_field/share/virtual_maize_field/config/fre22_task_mapping.yaml
/home/mehmet/sadek/install/virtual_maize_field/share/virtual_maize_field/config/fre22_task_navigation.yaml
/home/mehmet/sadek/install/virtual_maize_field/share/virtual_maize_field/config/fre21_task_4_fast.yaml
/home/mehmet/sadek/install/virtual_maize_field/share/virtual_maize_field/config/fre22_task_navigation_fast.yaml
/home/mehmet/sadek/install/virtual_maize_field/share/virtual_maize_field/config/fre21_task_3_mini.yaml
/home/mehmet/sadek/install/virtual_maize_field/share/virtual_maize_field/config/fre21_task_2_mini.yaml
/home/mehmet/sadek/install/virtual_maize_field/share/virtual_maize_field/config/fre21_task_3.yaml
/home/mehmet/sadek/install/virtual_maize_field/share/virtual_maize_field/config/fre21_task_4.yaml
/home/mehmet/sadek/install/virtual_maize_field/share/virtual_maize_field/config/fre21_task_2_fast.yaml
/home/mehmet/sadek/install/virtual_maize_field/share/virtual_maize_field/launch/simulation.launch.py
/home/mehmet/sadek/install/virtual_maize_field/share/virtual_maize_field/models/location_marker_a/model.config
/home/mehmet/sadek/install/virtual_maize_field/share/virtual_maize_field/models/location_marker_a/model.sdf
/home/mehmet/sadek/install/virtual_maize_field/share/virtual_maize_field/models/location_marker_a/materials/textures/fre_logo.png
/home/mehmet/sadek/install/virtual_maize_field/share/virtual_maize_field/models/location_marker_a/materials/textures/location_marker_a.png
/home/mehmet/sadek/install/virtual_maize_field/share/virtual_maize_field/models/location_marker_a/meshes/location_marker_a.dae
/home/mehmet/sadek/install/virtual_maize_field/share/virtual_maize_field/models/location_marker_b/model.config
/home/mehmet/sadek/install/virtual_maize_field/share/virtual_maize_field/models/location_marker_b/model.sdf
/home/mehmet/sadek/install/virtual_maize_field/share/virtual_maize_field/models/location_marker_b/materials/textures/fre_logo.png
/home/mehmet/sadek/install/virtual_maize_field/share/virtual_maize_field/models/location_marker_b/materials/textures/location_marker_b.png
/home/mehmet/sadek/install/virtual_maize_field/share/virtual_maize_field/models/location_marker_b/meshes/location_marker_b.dae
/home/mehmet/sadek/install/virtual_maize_field/share/virtual_maize_field/models/materials/textures/dirt_diffusespecular.png
/home/mehmet/sadek/install/virtual_maize_field/share/virtual_maize_field/models/materials/textures/flat_normal.png
/home/mehmet/sadek/install/virtual_maize_field/share/virtual_maize_field/models/materials/textures/grass_displacement.jpg
/home/mehmet/sadek/install/virtual_maize_field/share/virtual_maize_field/models/materials/textures/grass_color.jpg
/home/mehmet/sadek/install/virtual_maize_field/share/virtual_maize_field/models/materials/textures/fungus_diffusespecular.png
/home/mehmet/sadek/install/virtual_maize_field/share/virtual_maize_field/models/materials/textures/grass_normal.jpg
/home/mehmet/sadek/install/virtual_maize_field/share/virtual_maize_field/models/materials/textures/grass_roughness.jpg
/home/mehmet/sadek/install/virtual_maize_field/share/virtual_maize_field/models/nettle/model.config
/home/mehmet/sadek/install/virtual_maize_field/share/virtual_maize_field/models/nettle/model.sdf
/home/mehmet/sadek/install/virtual_maize_field/share/virtual_maize_field/models/nettle/materials/textures/nettle.png
/home/mehmet/sadek/install/virtual_maize_field/share/virtual_maize_field/models/nettle/meshes/nettle.dae
/home/mehmet/sadek/install/virtual_maize_field/share/virtual_maize_field/models/maize_02/model.config
/home/mehmet/sadek/install/virtual_maize_field/share/virtual_maize_field/models/maize_02/model.sdf
/home/mehmet/sadek/install/virtual_maize_field/share/virtual_maize_field/models/maize_02/materials/textures/maize_02.png
/home/mehmet/sadek/install/virtual_maize_field/share/virtual_maize_field/models/maize_02/meshes/maize_02.dae
/home/mehmet/sadek/install/virtual_maize_field/share/virtual_maize_field/models/coke_can/model.config
/home/mehmet/sadek/install/virtual_maize_field/share/virtual_maize_field/models/coke_can/model.sdf
/home/mehmet/sadek/install/virtual_maize_field/share/virtual_maize_field/models/coke_can/materials/textures/coke_can.png
/home/mehmet/sadek/install/virtual_maize_field/share/virtual_maize_field/models/coke_can/meshes/coke_can.dae
/home/mehmet/sadek/install/virtual_maize_field/share/virtual_maize_field/models/stone_01/model.config
/home/mehmet/sadek/install/virtual_maize_field/share/virtual_maize_field/models/stone_01/model.sdf
/home/mehmet/sadek/install/virtual_maize_field/share/virtual_maize_field/models/stone_01/materials/textures/stone_01_occlusion.jpg
/home/mehmet/sadek/install/virtual_maize_field/share/virtual_maize_field/models/stone_01/materials/textures/stone_01_normal.jpg
/home/mehmet/sadek/install/virtual_maize_field/share/virtual_maize_field/models/stone_01/materials/textures/stone_01.jpg
/home/mehmet/sadek/install/virtual_maize_field/share/virtual_maize_field/models/stone_01/meshes/stone_01.dae
/home/mehmet/sadek/install/virtual_maize_field/share/virtual_maize_field/models/maize_01/model.config
/home/mehmet/sadek/install/virtual_maize_field/share/virtual_maize_field/models/maize_01/model.sdf
/home/mehmet/sadek/install/virtual_maize_field/share/virtual_maize_field/models/maize_01/materials/textures/maize_01.png
/home/mehmet/sadek/install/virtual_maize_field/share/virtual_maize_field/models/maize_01/meshes/maize_01.dae
/home/mehmet/sadek/install/virtual_maize_field/share/virtual_maize_field/models/start/model.config
/home/mehmet/sadek/install/virtual_maize_field/share/virtual_maize_field/models/start/model.sdf
/home/mehmet/sadek/install/virtual_maize_field/share/virtual_maize_field/models/start/materials/textures/arrow.png
/home/mehmet/sadek/install/virtual_maize_field/share/virtual_maize_field/models/retro_pepsi_can/model.config
/home/mehmet/sadek/install/virtual_maize_field/share/virtual_maize_field/models/retro_pepsi_can/model.sdf
/home/mehmet/sadek/install/virtual_maize_field/share/virtual_maize_field/models/retro_pepsi_can/materials/textures/retro_pepsi_can.png
/home/mehmet/sadek/install/virtual_maize_field/share/virtual_maize_field/models/retro_pepsi_can/meshes/retro_pepsi_can.dae
/home/mehmet/sadek/install/virtual_maize_field/share/virtual_maize_field/models/unknown_weed/model.config
/home/mehmet/sadek/install/virtual_maize_field/share/virtual_maize_field/models/unknown_weed/model.sdf
/home/mehmet/sadek/install/virtual_maize_field/share/virtual_maize_field/models/unknown_weed/materials/textures/unknown_weed.png
/home/mehmet/sadek/install/virtual_maize_field/share/virtual_maize_field/models/unknown_weed/meshes/unknown_weed.dae
/home/mehmet/sadek/install/virtual_maize_field/share/virtual_maize_field/models/stone_02/model.config
/home/mehmet/sadek/install/virtual_maize_field/share/virtual_maize_field/models/stone_02/model.sdf
/home/mehmet/sadek/install/virtual_maize_field/share/virtual_maize_field/models/stone_02/materials/textures/stone_02.jpeg
/home/mehmet/sadek/install/virtual_maize_field/share/virtual_maize_field/models/stone_02/materials/textures/stone_02_normal.jpeg
/home/mehmet/sadek/install/virtual_maize_field/share/virtual_maize_field/models/stone_02/meshes/stone_02.dae
/home/mehmet/sadek/install/virtual_maize_field/share/virtual_maize_field/models/ale/model.config
/home/mehmet/sadek/install/virtual_maize_field/share/virtual_maize_field/models/ale/model.sdf
/home/mehmet/sadek/install/virtual_maize_field/share/virtual_maize_field/models/ale/materials/textures/beerbottle_blinn_baseColor.png
/home/mehmet/sadek/install/virtual_maize_field/share/virtual_maize_field/models/ale/meshes/ale.dae
/home/mehmet/sadek/install/virtual_maize_field/share/virtual_maize_field/models/beer/model.config
/home/mehmet/sadek/install/virtual_maize_field/share/virtual_maize_field/models/beer/model.sdf
/home/mehmet/sadek/install/virtual_maize_field/share/virtual_maize_field/models/beer/materials/textures/beer.png
/home/mehmet/sadek/install/virtual_maize_field/share/virtual_maize_field/models/beer/meshes/beer.dae
/home/mehmet/sadek/install/virtual_maize_field/lib/python3.10/site-packages/virtual_maize_field-6.0.0-py3.10.egg-info/entry_points.txt
/home/mehmet/sadek/install/virtual_maize_field/lib/python3.10/site-packages/virtual_maize_field-6.0.0-py3.10.egg-info/requires.txt
/home/mehmet/sadek/install/virtual_maize_field/lib/python3.10/site-packages/virtual_maize_field-6.0.0-py3.10.egg-info/dependency_links.txt
/home/mehmet/sadek/install/virtual_maize_field/lib/python3.10/site-packages/virtual_maize_field-6.0.0-py3.10.egg-info/zip-safe
/home/mehmet/sadek/install/virtual_maize_field/lib/python3.10/site-packages/virtual_maize_field-6.0.0-py3.10.egg-info/PKG-INFO
/home/mehmet/sadek/install/virtual_maize_field/lib/python3.10/site-packages/virtual_maize_field-6.0.0-py3.10.egg-info/SOURCES.txt
/home/mehmet/sadek/install/virtual_maize_field/lib/python3.10/site-packages/virtual_maize_field-6.0.0-py3.10.egg-info/top_level.txt
/home/mehmet/sadek/install/virtual_maize_field/lib/virtual_maize_field/generate_world
